#
# There is insufficient memory for the Java Runtime Environment to continue.
# Native memory allocation (mmap) failed to map 123731968 bytes for G1 virtual space
# Possible reasons:
#   The system is out of physical RAM or swap space
#   The process is running with CompressedOops enabled, and the Java Heap may be blocking the growth of the native heap
# Possible solutions:
#   Reduce memory load on the system
#   Increase physical memory or swap space
#   Check if swap backing store is full
#   Decrease Java heap size (-Xmx/-Xms)
#   Decrease number of Java threads
#   Decrease Java thread stack sizes (-Xss)
#   Set larger code cache with -XX:ReservedCodeCacheSize=
#   JVM is running with Unscaled Compressed Oops mode in which the Java heap is
#     placed in the first 4GB address space. The Java Heap base address is the
#     maximum limit for the native heap growth. Please use -XX:HeapBaseMinAddress
#     to set the Java Heap base and to place the Java Heap above 4GB virtual address.
# This output file may be truncated or incomplete.
#
#  Out of Memory Error (os_windows.cpp:3530), pid=15120, tid=9404
#
# JRE version:  (18.0.1.1+2) (build )
# Java VM: Java HotSpot(TM) 64-Bit Server VM (18.0.1.1+2-6, mixed mode, sharing, tiered, compressed oops, compressed class ptrs, g1 gc, windows-amd64)
# No core dump will be written. Minidumps are not enabled by default on client versions of Windows
#

---------------  S U M M A R Y ------------

Command Line: -XX:+ShowCodeDetailsInExceptionMessages Worker

Host: AMD Ryzen 5 4500U with Radeon Graphics         , 6 cores, 7G,  Windows 10 , 64 bit Build 19041 (10.0.19041.2788)
Time: Wed May  3 20:06:39 2023 GTB Daylight Time elapsed time: 0.029020 seconds (0d 0h 0m 0s)

---------------  T H R E A D  ---------------

Current thread (0x000001ed245aea80):  JavaThread "Unknown thread" [_thread_in_vm, id=9404, stack(0x0000009c3ba00000,0x0000009c3bb00000)]

Stack: [0x0000009c3ba00000,0x0000009c3bb00000]
Native frames: (J=compiled Java code, j=interpreted, Vv=VM code, C=native code)
V  [jvm.dll+0x69887a]
V  [jvm.dll+0x7f38bd]
V  [jvm.dll+0x7f51ce]
V  [jvm.dll+0x7f5883]
V  [jvm.dll+0x25ca3f]
V  [jvm.dll+0x6957c9]
V  [jvm.dll+0x68a2fa]
V  [jvm.dll+0x321efb]
V  [jvm.dll+0x3298d6]
V  [jvm.dll+0x37e47e]
V  [jvm.dll+0x37e6af]
V  [jvm.dll+0x2f9c7a]
V  [jvm.dll+0x2facdd]
V  [jvm.dll+0x7c24f0]
V  [jvm.dll+0x38b801]
V  [jvm.dll+0x7a1203]
V  [jvm.dll+0x40d6bf]
V  [jvm.dll+0x40f091]
C  [jli.dll+0x526b]
C  [ucrtbase.dll+0x21bb2]
C  [KERNEL32.DLL+0x17604]
C  [ntdll.dll+0x526a1]


---------------  P R O C E S S  ---------------

Threads class SMR info:
_java_thread_list=0x00007ffba5cdd550, length=0, elements={
}

Java Threads: ( => current thread )

Other Threads:
  0x000001ed2460a4d0 WorkerThread "GC Thread#0" [stack: 0x0000009c3bb00000,0x0000009c3bc00000] [id=18388]
  0x000001ed2461aee0 ConcurrentGCThread "G1 Main Marker" [stack: 0x0000009c3bc00000,0x0000009c3bd00000] [id=6260]
  0x000001ed2461c7f0 WorkerThread "G1 Conc#0" [stack: 0x0000009c3bd00000,0x0000009c3be00000] [id=15804]

[error occurred during error reporting (printing all threads), id 0xc0000005, EXCEPTION_ACCESS_VIOLATION (0xc0000005) at pc=0x00007ffba550a217]

VM state: not at safepoint (not fully initialized)

VM Mutex/Monitor currently owned by a thread:  ([mutex/lock_event])
[0x000001ed245aaff0] Heap_lock - owner thread: 0x000001ed245aea80

Heap address: 0x000000008a200000, size: 1886 MB, Compressed Oops mode: 32-bit

CDS archive(s) mapped at: [0x0000000000000000-0x0000000000000000-0x0000000000000000), size 0, SharedBaseAddress: 0x0000000800000000, ArchiveRelocationMode: 0.
Narrow klass base: 0x0000000000000000, Narrow klass shift: 0, Narrow klass range: 0x0

GC Precious Log:
 CardTable entry size: 512
 Card Set container configuration: InlinePtr #cards 5 size 8 Array Of Cards #cards 12 size 40 Howl #buckets 4 coarsen threshold 1843 Howl Bitmap #cards 512 size 80 coarsen threshold 460 Card regions per heap region 1 cards per card region 2048

Heap:
 garbage-first heap   total 0K, used 0K [0x000000008a200000, 0x0000000100000000)
  region size 1024K, 0 young (0K), 0 survivors (0K)

[error occurred during error reporting (printing heap information), id 0xc0000005, EXCEPTION_ACCESS_VIOLATION (0xc0000005) at pc=0x00007ffba58f0cb9]

GC Heap History (0 events):
No events

Deoptimization events (0 events):
No events

Classes loaded (0 events):
No events

Classes unloaded (0 events):
No events

Classes redefined (0 events):
No events

Internal exceptions (0 events):
No events

VM Operations (0 events):
No events

Events (1 events):
Event: 0.011 Loaded shared library C:\Program Files\Java\jdk-18.0.1.1\bin\java.dll


Dynamic libraries:
0x00007ff65e130000 - 0x00007ff65e140000 	C:\Program Files\Java\jdk-18.0.1.1\bin\java.exe
0x00007ffbd8f50000 - 0x00007ffbd9148000 	C:\WINDOWS\SYSTEM32\ntdll.dll
0x00007ffbd7ef0000 - 0x00007ffbd7faf000 	C:\WINDOWS\System32\KERNEL32.DLL
0x00007ffbd6ae0000 - 0x00007ffbd6dba000 	C:\WINDOWS\System32\KERNELBASE.dll
0x00007ffbd6760000 - 0x00007ffbd6860000 	C:\WINDOWS\System32\ucrtbase.dll
0x00007ffbd0bb0000 - 0x00007ffbd0bc8000 	C:\Program Files\Java\jdk-18.0.1.1\bin\jli.dll
0x00007ffbd7010000 - 0x00007ffbd70be000 	C:\WINDOWS\System32\ADVAPI32.dll
0x00007ffbd7270000 - 0x00007ffbd730e000 	C:\WINDOWS\System32\msvcrt.dll
0x00007ffbd73c0000 - 0x00007ffbd745c000 	C:\WINDOWS\System32\sechost.dll
0x00007ffbd8260000 - 0x00007ffbd8386000 	C:\WINDOWS\System32\RPCRT4.dll
0x00007ffbd8010000 - 0x00007ffbd81ad000 	C:\WINDOWS\System32\USER32.dll
0x00007ffbd6730000 - 0x00007ffbd6752000 	C:\WINDOWS\System32\win32u.dll
0x00007ffbd8590000 - 0x00007ffbd85bb000 	C:\WINDOWS\System32\GDI32.dll
0x00007ffbd6960000 - 0x00007ffbd6a70000 	C:\WINDOWS\System32\gdi32full.dll
0x00007ffbd6660000 - 0x00007ffbd66fd000 	C:\WINDOWS\System32\msvcp_win.dll
0x00007ffbd0b00000 - 0x00007ffbd0b1a000 	C:\Program Files\Java\jdk-18.0.1.1\bin\VCRUNTIME140.dll
0x00007ffbc2e00000 - 0x00007ffbc309a000 	C:\WINDOWS\WinSxS\amd64_microsoft.windows.common-controls_6595b64144ccf1df_6.0.19041.1110_none_60b5254171f9507e\COMCTL32.dll
0x00007ffbcce70000 - 0x00007ffbcce7a000 	C:\WINDOWS\SYSTEM32\VERSION.dll
0x00007ffbd81b0000 - 0x00007ffbd81e0000 	C:\WINDOWS\System32\IMM32.DLL
0x00007ffbd1d20000 - 0x00007ffbd1d2c000 	C:\Program Files\Java\jdk-18.0.1.1\bin\vcruntime140_1.dll
0x00007ffbd0740000 - 0x00007ffbd07cd000 	C:\Program Files\Java\jdk-18.0.1.1\bin\msvcp140.dll
0x00007ffba5200000 - 0x00007ffba5e10000 	C:\Program Files\Java\jdk-18.0.1.1\bin\server\jvm.dll
0x00007ffbd7eb0000 - 0x00007ffbd7eb8000 	C:\WINDOWS\System32\PSAPI.DLL
0x00007ffbc3a80000 - 0x00007ffbc3a89000 	C:\WINDOWS\SYSTEM32\WSOCK32.dll
0x00007ffbcce40000 - 0x00007ffbcce67000 	C:\WINDOWS\SYSTEM32\WINMM.dll
0x00007ffbd7e40000 - 0x00007ffbd7eab000 	C:\WINDOWS\System32\WS2_32.dll
0x00007ffbd4eb0000 - 0x00007ffbd4ec2000 	C:\WINDOWS\SYSTEM32\kernel.appcore.dll
0x00007ffbd15e0000 - 0x00007ffbd15ea000 	C:\Program Files\Java\jdk-18.0.1.1\bin\jimage.dll
0x00007ffbd4c90000 - 0x00007ffbd4e74000 	C:\WINDOWS\SYSTEM32\DBGHELP.DLL
0x00007ffbc6540000 - 0x00007ffbc6574000 	C:\WINDOWS\SYSTEM32\dbgcore.DLL
0x00007ffbd6dc0000 - 0x00007ffbd6e42000 	C:\WINDOWS\System32\bcryptPrimitives.dll
0x00007ffbd0710000 - 0x00007ffbd0735000 	C:\Program Files\Java\jdk-18.0.1.1\bin\java.dll

dbghelp: loaded successfully - version: 4.0.5 - missing functions: none
symbol engine: initialized successfully - sym options: 0x614 - pdb path: .;C:\Program Files\Java\jdk-18.0.1.1\bin;C:\WINDOWS\SYSTEM32;C:\WINDOWS\WinSxS\amd64_microsoft.windows.common-controls_6595b64144ccf1df_6.0.19041.1110_none_60b5254171f9507e;C:\Program Files\Java\jdk-18.0.1.1\bin\server

VM Arguments:
jvm_args: -XX:+ShowCodeDetailsInExceptionMessages 
java_command: Worker
java_class_path (initial): C:\Users\yiann\Desktop\myFolders\mathimata\katanemimena\gpxreader\bin;c:\Users\yiann\Desktop\myFolders\mathimata\katanemimena\gpxreader\elemental2-promise-1.1.0.jar;c:\Users\yiann\Desktop\myFolders\mathimata\katanemimena\gpxreader\listenablefuture-9999.0-empty-to-avoid-conflict-with-guava.jar;c:\Users\yiann\Desktop\myFolders\mathimata\katanemimena\gpxreader\jsinterop-annotations-2.0.0.jar;c:\Users\yiann\Desktop\myFolders\mathimata\katanemimena\gpxreader\guava-31.1-jre.jar;c:\Users\yiann\Desktop\myFolders\mathimata\katanemimena\gpxreader\jsr305-3.0.2.jar;c:\Users\yiann\Desktop\myFolders\mathimata\katanemimena\gpxreader\GPXParser_20200512.jar;c:\Users\yiann\Desktop\myFolders\mathimata\katanemimena\gpxreader\guava-gwt-31.1-jre.jar;c:\Users\yiann\Desktop\myFolders\mathimata\katanemimena\gpxreader\base-1.0.0.jar;c:\Users\yiann\Desktop\myFolders\mathimata\katanemimena\gpxreader\error_prone_annotations-2.11.0.jar;c:\Users\yiann\Desktop\myFolders\mathimata\katanemimena\gpxreader\checker-qual-3.12.0.jar;c:\Users\yiann\Desktop\myFolders\mathimata\katanemimena\gpxreader\failureaccess-1.0.1.jar;c:\Users\yiann\Desktop\myFolders\mathimata\katanemimena\gpxreader\j2objc-annotations-1.3.jar
Launcher Type: SUN_STANDARD

[Global flags]
     intx CICompilerCount                          = 3                                         {product} {ergonomic}
     uint ConcGCThreads                            = 2                                         {product} {ergonomic}
     uint G1ConcRefinementThreads                  = 6                                         {product} {ergonomic}
   size_t G1HeapRegionSize                         = 1048576                                   {product} {ergonomic}
    uintx GCDrainStackTargetSize                   = 64                                        {product} {ergonomic}
   size_t InitialHeapSize                          = 123731968                                 {product} {ergonomic}
   size_t MarkStackSize                            = 4194304                                   {product} {ergonomic}
   size_t MaxHeapSize                              = 1977614336                                {product} {ergonomic}
   size_t MinHeapDeltaBytes                        = 1048576                                   {product} {ergonomic}
   size_t MinHeapSize                              = 8388608                                   {product} {ergonomic}
    uintx NonNMethodCodeHeapSize                   = 5832780                                {pd product} {ergonomic}
    uintx NonProfiledCodeHeapSize                  = 122912730                              {pd product} {ergonomic}
    uintx ProfiledCodeHeapSize                     = 122912730                              {pd product} {ergonomic}
    uintx ReservedCodeCacheSize                    = 251658240                              {pd product} {ergonomic}
     bool SegmentedCodeCache                       = true                                      {product} {ergonomic}
     bool ShowCodeDetailsInExceptionMessages       = true                                   {manageable} {command line}
   size_t SoftMaxHeapSize                          = 1977614336                             {manageable} {ergonomic}
     bool UseCompressedClassPointers               = true                           {product lp64_product} {ergonomic}
     bool UseCompressedOops                        = true                           {product lp64_product} {ergonomic}
     bool UseG1GC                                  = true                                      {product} {ergonomic}
     bool UseLargePagesIndividualAllocation        = false                                  {pd product} {ergonomic}

Logging:
Log output configuration:
 #0: stdout all=warning uptime,level,tags foldmultilines=false
 #1: stderr all=off uptime,level,tags foldmultilines=false

Environment Variables:
JAVA_HOME=C:\Program Files\Java\jdk-18.0.1.1
PATH=C:\Program Files (x86)\NVIDIA Corporation\PhysX\Common;C:\Program Files\Common Files\Oracle\Java\javapath;C:\Program Files (x86)\Common Files\Oracle\Java\javapath;C:\WINDOWS\system32;C:\WINDOWS;C:\WINDOWS\System32\Wbem;C:\WINDOWS\System32\WindowsPowerShell\v1.0\;C:\WINDOWS\System32\OpenSSH\;C:\Program Files\Java\jdk-18.0.1.1\bin;C:\Program Files\Python310;C:\Users\yiann\AppData\Local\Microsoft\WindowsApps;;C:\Users\yiann\AppData\Local\Programs\Microsoft VS Code\bin
USERNAME=yiann
LANG=en_US.UTF-8
OS=Windows_NT
PROCESSOR_IDENTIFIER=AMD64 Family 23 Model 96 Stepping 1, AuthenticAMD



---------------  S Y S T E M  ---------------

OS:
 Windows 10 , 64 bit Build 19041 (10.0.19041.2788)
OS uptime: 9 days 3:06 hours

CPU: total 6 (initial active 6) (6 cores per cpu, 1 threads per core) family 23 model 96 stepping 1 microcode 0x0, cx8, cmov, fxsr, mmx, 3dnowpref, sse, sse2, sse3, ssse3, sse4a, sse4.1, sse4.2, popcnt, lzcnt, tsc, tscinvbit, avx, avx2, aes, clmul, bmi1, bmi2, adx, sha, fma, vzeroupper, clflush, clflushopt

Memory: 4k page, system-wide physical 7542M (1027M free)
TotalPageFile size 9729M (AvailPageFile size 15M)
current process WorkingSet (physical memory assigned to process): 10M, peak: 10M
current process commit charge ("private bytes"): 56M, peak: 174M

vm_info: Java HotSpot(TM) 64-Bit Server VM (18.0.1.1+2-6) for windows-amd64 JRE (18.0.1.1+2-6), built on Apr 25 2022 21:53:15 by "mach5one" with MS VC++ 16.8 / 16.9 (VS2019)

END.
